   Compiling url_shortener v0.1.0 (/app)
warning: unused import: `error::AppError`
 --> src/api.rs:2:5
  |
2 |     error::AppError,
  |     ^^^^^^^^^^^^^^^
  |
  = note: `#[warn(unused_imports)]` (part of `#[warn(unused)]`) on by default

warning: unused import: `response::IntoResponse`
  --> src/api.rs:12:5
   |
12 |     response::IntoResponse,
   |     ^^^^^^^^^^^^^^^^^^^^^^

warning: unused import: `SqlitePool`
 --> src/app.rs:5:5
  |
5 |     SqlitePool,
  |     ^^^^^^^^^^

warning: unused import: `GovernorLayer`
  --> src/app.rs:55:59
   |
55 |     use tower_governor::{governor::GovernorConfigBuilder, GovernorLayer};
   |                                                           ^^^^^^^^^^^^^

warning: unused import: `std::sync::Arc`
  --> src/app.rs:56:9
   |
56 |     use std::sync::Arc;
   |         ^^^^^^^^^^^^^^

warning: `url_shortener` (bin "url_shortener") generated 5 warnings (run `cargo fix --bin "url_shortener" -p url_shortener` to apply 5 suggestions)
    Finished `dev` profile [unoptimized + debuginfo] target(s) in 2.41s
     Running `target/debug/url_shortener`
Server running at http://127.0.0.1:3000
